25/12/2024 01:28:38 WARNING node: LABEL conditional not in labels!
25/12/2024 01:28:38 WARNING node: LABEL conditional not in labels!
25/12/2024 01:28:38 WARNING node: LABEL conditional not in labels!
25/12/2024 01:28:38 WARNING node: LABEL conditional not in labels!
25/12/2024 01:28:38 WARNING node: LABEL conditional not in labels!
25/12/2024 01:28:38 WARNING node: LABEL conditional not in labels!
25/12/2024 01:28:38 WARNING node: LABEL arrayInitializer not in labels!
25/12/2024 01:28:38 WARNING node: LABEL conditional not in labels!
25/12/2024 01:28:38 WARNING node: LABEL arrayInitializer not in labels!
25/12/2024 01:28:38 WARNING node: LABEL conditional not in labels!
25/12/2024 01:28:38 WARNING node: LABEL conditional not in labels!
25/12/2024 01:28:38 WARNING node: LABEL conditional not in labels!
25/12/2024 01:28:38 WARNING node: LABEL conditional not in labels!
25/12/2024 01:28:38 WARNING node: LABEL conditional not in labels!
25/12/2024 01:28:38 WARNING node: LABEL conditional not in labels!
25/12/2024 01:28:38 WARNING node: LABEL conditional not in labels!
25/12/2024 01:28:38 WARNING node: LABEL conditional not in labels!
25/12/2024 01:28:38 WARNING node: LABEL conditional not in labels!
25/12/2024 01:28:39 WARNING node: LABEL conditional not in labels!
25/12/2024 01:28:39 WARNING node: LABEL conditional not in labels!
25/12/2024 01:28:39 WARNING node: LABEL arrayInitializer not in labels!
25/12/2024 01:28:39 WARNING node: LABEL arrayInitializer not in labels!
25/12/2024 01:28:39 WARNING node: LABEL conditional not in labels!
25/12/2024 01:28:39 WARNING node: LABEL conditional not in labels!
25/12/2024 11:12:15 WARNING node: LABEL conditional not in labels!
25/12/2024 11:12:15 WARNING node: LABEL conditional not in labels!
25/12/2024 11:12:15 WARNING node: LABEL conditional not in labels!
25/12/2024 11:12:15 WARNING node: LABEL conditional not in labels!
25/12/2024 11:12:15 WARNING node: LABEL conditional not in labels!
25/12/2024 11:12:15 WARNING node: LABEL conditional not in labels!
25/12/2024 11:12:15 WARNING node: LABEL arrayInitializer not in labels!
25/12/2024 11:12:15 WARNING node: LABEL conditional not in labels!
25/12/2024 11:12:15 WARNING node: LABEL arrayInitializer not in labels!
25/12/2024 11:12:15 WARNING node: LABEL conditional not in labels!
25/12/2024 11:12:15 WARNING node: LABEL conditional not in labels!
25/12/2024 11:12:15 WARNING node: LABEL conditional not in labels!
25/12/2024 11:12:15 WARNING node: LABEL conditional not in labels!
25/12/2024 11:12:15 WARNING node: LABEL conditional not in labels!
25/12/2024 11:12:15 WARNING node: LABEL conditional not in labels!
25/12/2024 11:12:15 WARNING node: LABEL conditional not in labels!
25/12/2024 11:12:15 WARNING node: LABEL conditional not in labels!
25/12/2024 11:12:15 WARNING node: LABEL conditional not in labels!
25/12/2024 11:12:15 WARNING node: LABEL conditional not in labels!
25/12/2024 11:12:15 WARNING node: LABEL conditional not in labels!
25/12/2024 11:12:15 WARNING node: LABEL arrayInitializer not in labels!
25/12/2024 11:12:15 WARNING node: LABEL arrayInitializer not in labels!
25/12/2024 11:12:16 WARNING node: LABEL conditional not in labels!
25/12/2024 11:12:16 WARNING node: LABEL conditional not in labels!
25/12/2024 11:34:28 WARNING node: LABEL conditional not in labels!
25/12/2024 11:34:43 WARNING node: LABEL conditional not in labels!
25/12/2024 11:40:15 WARNING node: LABEL conditional not in labels!
25/12/2024 11:45:25 WARNING node: LABEL conditional not in labels!
25/12/2024 11:45:25 WARNING node: LABEL conditional not in labels!
25/12/2024 11:45:25 WARNING node: LABEL conditional not in labels!
25/12/2024 11:45:25 WARNING node: LABEL arrayInitializer not in labels!
25/12/2024 11:45:25 WARNING node: LABEL conditional not in labels!
25/12/2024 11:45:25 WARNING node: LABEL arrayInitializer not in labels!
25/12/2024 11:45:25 WARNING node: LABEL conditional not in labels!
25/12/2024 11:45:26 WARNING node: LABEL conditional not in labels!
25/12/2024 11:45:26 WARNING node: LABEL conditional not in labels!
25/12/2024 11:45:26 WARNING node: LABEL conditional not in labels!
25/12/2024 11:45:26 WARNING node: LABEL conditional not in labels!
25/12/2024 11:45:26 WARNING node: LABEL conditional not in labels!
25/12/2024 11:45:26 WARNING node: LABEL conditional not in labels!
25/12/2024 11:45:26 WARNING node: LABEL conditional not in labels!
25/12/2024 11:45:26 WARNING node: LABEL conditional not in labels!
25/12/2024 11:45:26 WARNING node: LABEL conditional not in labels!
25/12/2024 11:45:26 WARNING node: LABEL conditional not in labels!
25/12/2024 11:45:26 WARNING node: LABEL arrayInitializer not in labels!
25/12/2024 11:45:26 WARNING node: LABEL arrayInitializer not in labels!
25/12/2024 11:45:26 WARNING node: LABEL conditional not in labels!
25/12/2024 11:45:26 WARNING node: LABEL conditional not in labels!
25/12/2024 11:59:24 WARNING node: LABEL conditional not in labels!
25/12/2024 11:59:24 WARNING node: LABEL conditional not in labels!
25/12/2024 11:59:24 WARNING node: LABEL conditional not in labels!
25/12/2024 11:59:24 WARNING node: LABEL conditional not in labels!
25/12/2024 11:59:24 WARNING node: LABEL conditional not in labels!
25/12/2024 11:59:24 WARNING node: LABEL conditional not in labels!
25/12/2024 11:59:24 WARNING node: LABEL arrayInitializer not in labels!
25/12/2024 11:59:24 WARNING node: LABEL conditional not in labels!
25/12/2024 11:59:24 WARNING node: LABEL arrayInitializer not in labels!
25/12/2024 11:59:24 WARNING node: LABEL conditional not in labels!
25/12/2024 11:59:25 WARNING node: LABEL conditional not in labels!
25/12/2024 11:59:25 WARNING node: LABEL conditional not in labels!
25/12/2024 11:59:25 WARNING node: LABEL conditional not in labels!
25/12/2024 11:59:25 WARNING node: LABEL conditional not in labels!
25/12/2024 11:59:25 WARNING node: LABEL conditional not in labels!
25/12/2024 11:59:25 WARNING node: LABEL conditional not in labels!
25/12/2024 11:59:25 WARNING node: LABEL conditional not in labels!
25/12/2024 11:59:25 WARNING node: LABEL conditional not in labels!
25/12/2024 11:59:25 WARNING node: LABEL conditional not in labels!
25/12/2024 11:59:25 WARNING node: LABEL conditional not in labels!
25/12/2024 11:59:25 WARNING node: LABEL arrayInitializer not in labels!
25/12/2024 11:59:25 WARNING node: LABEL arrayInitializer not in labels!
25/12/2024 11:59:25 WARNING node: LABEL conditional not in labels!
25/12/2024 11:59:25 WARNING node: LABEL conditional not in labels!
25/12/2024 02:25:16 WARNING node: LABEL conditional not in labels!
25/12/2024 02:25:16 WARNING node: LABEL conditional not in labels!
25/12/2024 02:25:16 WARNING node: LABEL conditional not in labels!
25/12/2024 02:25:16 WARNING node: LABEL conditional not in labels!
25/12/2024 02:25:16 WARNING node: LABEL conditional not in labels!
25/12/2024 02:25:16 WARNING node: LABEL conditional not in labels!
25/12/2024 02:25:16 WARNING node: LABEL arrayInitializer not in labels!
25/12/2024 02:25:16 WARNING node: LABEL conditional not in labels!
25/12/2024 02:25:16 WARNING node: LABEL arrayInitializer not in labels!
25/12/2024 02:25:16 WARNING node: LABEL conditional not in labels!
25/12/2024 02:25:17 WARNING node: LABEL conditional not in labels!
25/12/2024 02:25:17 WARNING node: LABEL conditional not in labels!
25/12/2024 02:25:17 WARNING node: LABEL conditional not in labels!
25/12/2024 02:25:17 WARNING node: LABEL conditional not in labels!
25/12/2024 02:25:17 WARNING node: LABEL conditional not in labels!
25/12/2024 02:25:17 WARNING node: LABEL conditional not in labels!
25/12/2024 02:25:17 WARNING node: LABEL conditional not in labels!
25/12/2024 02:25:17 WARNING node: LABEL conditional not in labels!
25/12/2024 02:25:17 WARNING node: LABEL conditional not in labels!
25/12/2024 02:25:17 WARNING node: LABEL conditional not in labels!
25/12/2024 02:25:17 WARNING node: LABEL arrayInitializer not in labels!
25/12/2024 02:25:17 WARNING node: LABEL arrayInitializer not in labels!
25/12/2024 02:25:17 WARNING node: LABEL conditional not in labels!
25/12/2024 02:25:17 WARNING node: LABEL conditional not in labels!
25/12/2024 04:59:48 WARNING node: LABEL expressionList not in labels!
25/12/2024 04:59:48 WARNING node: LABEL xor not in labels!
25/12/2024 04:59:48 WARNING node: LABEL op_ellipses not in labels!
25/12/2024 04:59:48 WARNING node: LABEL op_ellipses not in labels!
25/12/2024 05:07:34 WARNING node: LABEL expressionList not in labels!
26/12/2024 12:02:21 WARNING node: LABEL expressionList not in labels!
26/12/2024 12:02:21 WARNING node: LABEL expressionList not in labels!
26/12/2024 12:12:42 WARNING node: LABEL expressionList not in labels!
26/12/2024 12:12:42 WARNING node: LABEL expressionList not in labels!
26/12/2024 12:46:38 WARNING node: LABEL expressionList not in labels!
26/12/2024 12:46:38 WARNING node: LABEL expressionList not in labels!
26/12/2024 12:59:58 WARNING node: LABEL expressionList not in labels!
26/12/2024 12:59:58 WARNING node: LABEL expressionList not in labels!
26/12/2024 02:10:11 WARNING node: LABEL unknown not in labels!
26/12/2024 02:10:11 WARNING node: LABEL unknown not in labels!
